<?xml version="1.0" encoding="UTF-8"?>
<testng-results ignored="0" total="1" passed="1" failed="0" skipped="0">
  <reporter-output>
  </reporter-output>
  <suite started-at="2024-01-29T20:06:30 IST" name="Default suite" finished-at="2024-01-29T20:06:43 IST" duration-ms="12284">
    <groups>
    </groups>
    <test started-at="2024-01-29T20:06:30 IST" name="Default test" finished-at="2024-01-29T20:06:43 IST" duration-ms="12284">
      <class name="DemoMaven.MavenTest1.AddOrRemove">
        <test-method signature="test()[pri:0, instance:DemoMaven.MavenTest1.AddOrRemove@4cc451f2]" started-at="2024-01-29T20:06:30 IST" name="test" finished-at="2024-01-29T20:06:43 IST" duration-ms="12235" status="PASS">
          <reporter-output>
          </reporter-output>
        </test-method> <!-- test -->
      </class> <!-- DemoMaven.MavenTest1.AddOrRemove -->
    </test> <!-- Default test -->
  </suite> <!-- Default suite -->
</testng-results>
